d:\this pc\documentos\work\sextocuatri\compiladores\compiler\monticompiler\monticompiler\debug\vc141.pdb
d:\this pc\documentos\work\sextocuatri\compiladores\compiler\monticompiler\monticompiler\debug\tokencontroller.obj
d:\this pc\documentos\work\sextocuatri\compiladores\compiler\monticompiler\monticompiler\debug\myform.obj
d:\this pc\documentos\work\sextocuatri\compiladores\compiler\monticompiler\monticompiler\debug\fsm.obj
d:\this pc\documentos\work\sextocuatri\compiladores\compiler\monticompiler\monticompiler\debug\errorcontroller.obj
d:\this pc\documentos\work\sextocuatri\compiladores\compiler\monticompiler\monticompiler\debug\node.obj
d:\this pc\documentos\work\sextocuatri\compiladores\compiler\monticompiler\monticompiler\debug\localnode.obj
d:\this pc\documentos\work\sextocuatri\compiladores\compiler\monticompiler\monticompiler\debug\globalnode.obj
d:\this pc\documentos\work\sextocuatri\compiladores\compiler\monticompiler\monticompiler\debug\symbolmanager.obj
d:\this pc\documentos\work\sextocuatri\compiladores\compiler\monticompiler\monticompiler\debug\stree.obj
d:\this pc\documentos\work\sextocuatri\compiladores\compiler\monticompiler\monticompiler\debug\.netframework,version=v4.6.1.assemblyattributes.obj
d:\this pc\documentos\work\sextocuatri\compiladores\compiler\monticompiler\monticompiler\debug\.netframework,version=v4.6.1.assemblyattributes.asm
d:\this pc\documentos\work\sextocuatri\compiladores\compiler\monticompiler\debug\monticompiler.exe
d:\this pc\documentos\work\sextocuatri\compiladores\compiler\monticompiler\debug\monticompiler.pdb
d:\this pc\documentos\work\sextocuatri\compiladores\compiler\monticompiler\monticompiler\debug\monticompiler.myform.resources
d:\this pc\documentos\work\sextocuatri\compiladores\compiler\monticompiler\monticompiler\debug\monticompiler.vcxproj.generateresource.cache
d:\this pc\documentos\work\sextocuatri\compiladores\compiler\monticompiler\monticompiler\debug\monticompiler.vcxprojresolveassemblyreference.cache
d:\this pc\documentos\work\sextocuatri\compiladores\compiler\monticompiler\monticompiler\debug\tree.obj
d:\this pc\documentos\work\sextocuatri\compiladores\compiler\monticompiler\monticompiler\debug\monticompiler.tlog\cl.command.1.tlog
d:\this pc\documentos\work\sextocuatri\compiladores\compiler\monticompiler\monticompiler\debug\monticompiler.tlog\cl.read.1.tlog
d:\this pc\documentos\work\sextocuatri\compiladores\compiler\monticompiler\monticompiler\debug\monticompiler.tlog\cl.write.1.tlog
d:\this pc\documentos\work\sextocuatri\compiladores\compiler\monticompiler\monticompiler\debug\monticompiler.tlog\link.command.1.tlog
d:\this pc\documentos\work\sextocuatri\compiladores\compiler\monticompiler\monticompiler\debug\monticompiler.tlog\link.read.1.tlog
d:\this pc\documentos\work\sextocuatri\compiladores\compiler\monticompiler\monticompiler\debug\monticompiler.tlog\link.write.1.tlog
d:\this pc\documentos\work\sextocuatri\compiladores\compiler\monticompiler\monticompiler\debug\monticompiler.tlog\metagen.read.1.tlog
d:\this pc\documentos\work\sextocuatri\compiladores\compiler\monticompiler\monticompiler\debug\monticompiler.tlog\metagen.write.1.tlog
d:\this pc\documentos\work\sextocuatri\compiladores\compiler\monticompiler\monticompiler\debug\monticompiler.tlog\monticompiler.write.1u.tlog
d:\this pc\documentos\work\sextocuatri\compiladores\compiler\monticompiler\monticompiler\debug\monticompiler.tlog\tzres.dll.bi
