  FSM.cpp
FSM.cpp(21): warning C4996: 'sprintf': This function or variable may be unsafe. Consider using sprintf_s instead. To disable deprecation, use _CRT_SECURE_NO_WARNINGS. See online help for details.
  C:\Program Files (x86)\Windows Kits\10\Include\10.0.15063.0\ucrt\stdio.h(1772): note: vea la declaración de 'sprintf'
FSM.cpp(1099): warning C4018: '<': no coinciden signed/unsigned
  GlobalNode.cpp
  LocalNode.cpp
  MyForm.cpp
  STree.cpp
  SymbolManager.cpp
  TokenController.cpp
TokenController.cpp(87): warning C4018: '>': no coinciden signed/unsigned
  TypeTableManager.cpp
TypeTableManager.cpp(110): warning C4244: '=': conversión de 'double' a 'float'; posible pérdida de datos
TypeTableManager.cpp(116): warning C4018: '<': no coinciden signed/unsigned
TypeTableManager.cpp(174): warning C4244: 'argumento': conversión de 'double' a 'float'; posible pérdida de datos
  Generando código...
d:\this pc\documentos\work\sextocuatri\compiladores\compiler\monticompiler\monticompiler\tokencontroller.cpp(31): warning C4715: 'TokenController::Save': no todas las rutas de acceso de control devuelven un valor
d:\this pc\documentos\work\sextocuatri\compiladores\compiler\monticompiler\monticompiler\tokencontroller.cpp(55): warning C4715: 'TokenController::Load': no todas las rutas de acceso de control devuelven un valor
d:\this pc\documentos\work\sextocuatri\compiladores\compiler\monticompiler\monticompiler\symbolmanager.cpp(156): warning C4715: 'CSymbolManager::Save': no todas las rutas de acceso de control devuelven un valor
d:\this pc\documentos\work\sextocuatri\compiladores\compiler\monticompiler\monticompiler\fsm.cpp(934): warning C4715: 'FSM::Save': no todas las rutas de acceso de control devuelven un valor
  MontiCompiler.vcxproj -> D:\This PC\Documentos\Work\SextoCuatri\Compiladores\Compiler\MontiCompiler\Release\MontiCompiler.exe
